#
# There is insufficient memory for the Java Runtime Environment to continue.
# Native memory allocation (malloc) failed to allocate 65552 bytes for Chunk::new
# Possible reasons:
#   The system is out of physical RAM or swap space
#   The process is running with CompressedOops enabled, and the Java Heap may be blocking the growth of the native heap
# Possible solutions:
#   Reduce memory load on the system
#   Increase physical memory or swap space
#   Check if swap backing store is full
#   Decrease Java heap size (-Xmx/-Xms)
#   Decrease number of Java threads
#   Decrease Java thread stack sizes (-Xss)
#   Set larger code cache with -XX:ReservedCodeCacheSize=
#   JVM is running with Unscaled Compressed Oops mode in which the Java heap is
#     placed in the first 4GB address space. The Java Heap base address is the
#     maximum limit for the native heap growth. Please use -XX:HeapBaseMinAddress
#     to set the Java Heap base and to place the Java Heap above 4GB virtual address.
# This output file may be truncated or incomplete.
#
#  Out of Memory Error (allocation.cpp:389), pid=4524, tid=0x00000000000028b4
#
# JRE version: OpenJDK Runtime Environment (8.0_212-b04) (build 1.8.0_212-release-1586-b04)
# Java VM: OpenJDK 64-Bit Server VM (25.212-b04 mixed mode windows-amd64 compressed oops)
# Failed to write core dump. Minidumps are not enabled by default on client versions of Windows
#

---------------  T H R E A D  ---------------

Current thread (0x0000000018de0800):  JavaThread "C2 CompilerThread0" daemon [_thread_in_native, id=10420, stack(0x00000000196c0000,0x00000000197c0000)]

Stack: [0x00000000196c0000,0x00000000197c0000]
[error occurred during error reporting (printing stack bounds), id 0xc0000005]

Native frames: (J=compiled Java code, j=interpreted, Vv=VM code, C=native code)


Current CompileTask:
C2:3632005 21233 %     4       com.google.common.collect.SparseImmutableTable::<init> @ 71 (468 bytes)


---------------  P R O C E S S  ---------------

Java Threads: ( => current thread )
  0x000000001bf70000 JavaThread "WorkerExecutor Queue Thread 9" [_thread_blocked, id=11828, stack(0x00000000353f0000,0x00000000354f0000)]
  0x000000001bf72800 JavaThread "stdout" [_thread_in_native, id=5688, stack(0x00000000352f0000,0x00000000353f0000)]
  0x000000001bf76000 JavaThread "stderr" [_thread_in_native, id=9288, stack(0x00000000351f0000,0x00000000352f0000)]
  0x000000001bf71800 JavaThread "stdout" [_thread_in_native, id=4612, stack(0x00000000350f0000,0x00000000351f0000)]
  0x000000001bf75800 JavaThread "stderr" [_thread_in_native, id=7716, stack(0x0000000034ef0000,0x0000000034ff0000)]
  0x0000000019f35800 JavaThread "stdout" [_thread_in_native, id=12044, stack(0x0000000033c20000,0x0000000033d20000)]
  0x000000001e36c800 JavaThread "stderr" [_thread_in_native, id=6328, stack(0x000000002cba0000,0x000000002cca0000)]
  0x000000001e361000 JavaThread "stdout" [_thread_in_native, id=11820, stack(0x000000002caa0000,0x000000002cba0000)]
  0x000000001e368000 JavaThread "stderr" [_thread_in_native, id=9172, stack(0x000000002c7a0000,0x000000002c8a0000)]
  0x000000001e367800 JavaThread "stdout" [_thread_in_native, id=3616, stack(0x000000002c250000,0x000000002c350000)]
  0x000000001e366800 JavaThread "stderr" [_thread_in_native, id=11684, stack(0x000000002c150000,0x000000002c250000)]
  0x000000001e365000 JavaThread "stdout" [_thread_in_native, id=3716, stack(0x000000002c050000,0x000000002c150000)]
  0x000000001e365800 JavaThread "stderr" [_thread_in_native, id=6500, stack(0x000000002bf50000,0x000000002c050000)]
  0x000000001a5e2800 JavaThread "stdout" [_thread_in_native, id=260, stack(0x000000002be50000,0x000000002bf50000)]
  0x000000001a5db000 JavaThread "stderr" [_thread_in_native, id=6004, stack(0x000000002bd50000,0x000000002be50000)]
  0x000000001a5df000 JavaThread "stdout" [_thread_in_native, id=10428, stack(0x000000002bc50000,0x000000002bd50000)]
  0x000000001a5e2000 JavaThread "stderr" [_thread_in_native, id=2116, stack(0x000000002bb50000,0x000000002bc50000)]
  0x000000001a5de000 JavaThread "pool-30-thread-1" [_thread_blocked, id=6368, stack(0x000000002ba50000,0x000000002bb50000)]
  0x000000001a5e1000 JavaThread "WorkerExecutor Queue Thread 8" [_thread_blocked, id=6344, stack(0x000000002b950000,0x000000002ba50000)]
  0x000000001a5e0800 JavaThread "WorkerExecutor Queue Thread 7" [_thread_blocked, id=5272, stack(0x000000002aef0000,0x000000002aff0000)]
  0x000000001a5dd800 JavaThread "WorkerExecutor Queue Thread 6" [_thread_blocked, id=6160, stack(0x000000002b5f0000,0x000000002b6f0000)]
  0x000000001a5d6000 JavaThread "WorkerExecutor Queue Thread 5" [_thread_blocked, id=2588, stack(0x000000002b4f0000,0x000000002b5f0000)]
  0x000000001a5d5000 JavaThread "WorkerExecutor Queue Thread 4" [_thread_blocked, id=10744, stack(0x000000002b3f0000,0x000000002b4f0000)]
  0x000000001a5d9000 JavaThread "WorkerExecutor Queue Thread 3" [_thread_blocked, id=12252, stack(0x000000002b2f0000,0x000000002b3f0000)]
  0x000000001a5d3800 JavaThread "WorkerExecutor Queue Thread 2" [_thread_blocked, id=1004, stack(0x000000002ab50000,0x000000002ac50000)]
  0x000000001a5d7800 JavaThread "WorkerExecutor Queue" [_thread_blocked, id=6068, stack(0x000000002a750000,0x000000002a850000)]
  0x000000002713c000 JavaThread "Cache worker for execution history cache (D:\NewsApp\.gradle\5.6.4\executionHistory)" [_thread_blocked, id=1308, stack(0x000000002a650000,0x000000002a750000)]
  0x0000000027142800 JavaThread "Execution worker for ':' Thread 7" [_thread_blocked, id=5380, stack(0x000000002a550000,0x000000002a650000)]
  0x0000000027141000 JavaThread "Execution worker for ':' Thread 6" [_thread_blocked, id=10844, stack(0x000000002a450000,0x000000002a550000)]
  0x0000000027142000 JavaThread "Execution worker for ':' Thread 5" [_thread_in_native, id=1476, stack(0x000000002a350000,0x000000002a450000)]
  0x0000000027140800 JavaThread "Execution worker for ':' Thread 4" [_thread_blocked, id=4604, stack(0x000000002a250000,0x000000002a350000)]
  0x000000002713f800 JavaThread "Execution worker for ':' Thread 3" [_thread_blocked, id=856, stack(0x000000002a150000,0x000000002a250000)]
  0x0000000027134800 JavaThread "Execution worker for ':' Thread 2" [_thread_blocked, id=8172, stack(0x000000002a050000,0x000000002a150000)]
  0x000000002713b000 JavaThread "Execution worker for ':'" [_thread_blocked, id=4084, stack(0x0000000029d50000,0x0000000029e50000)]
  0x0000000027133800 JavaThread "Cache worker for file content cache (D:\NewsApp\.gradle\5.6.4\fileContent)" [_thread_blocked, id=416, stack(0x0000000029c50000,0x0000000029d50000)]
  0x0000000027139800 JavaThread "Cache worker for Build Output Cleanup Cache (D:\NewsApp\.gradle\buildOutputCleanup)" [_thread_blocked, id=3640, stack(0x00000000267b0000,0x00000000268b0000)]
  0x0000000027136000 JavaThread "Build operations Thread 8" [_thread_blocked, id=10212, stack(0x00000000266b0000,0x00000000267b0000)]
  0x0000000027138000 JavaThread "Build operations Thread 7" [_thread_blocked, id=9200, stack(0x00000000265b0000,0x00000000266b0000)]
  0x0000000027137800 JavaThread "Build operations Thread 6" [_thread_blocked, id=5888, stack(0x0000000025260000,0x0000000025360000)]
  0x0000000027139000 JavaThread "Build operations Thread 5" [_thread_blocked, id=10464, stack(0x0000000023290000,0x0000000023390000)]
  0x0000000027135000 JavaThread "Build operations Thread 4" [_thread_blocked, id=4536, stack(0x0000000022b90000,0x0000000022c90000)]
  0x000000001f63f800 JavaThread "Build operations Thread 3" [_thread_blocked, id=6132, stack(0x0000000022a90000,0x0000000022b90000)]
  0x000000001f63c000 JavaThread "Build operations Thread 2" [_thread_blocked, id=8796, stack(0x0000000022990000,0x0000000022a90000)]
  0x000000001f637800 JavaThread "Build operations" [_thread_blocked, id=7496, stack(0x0000000022890000,0x0000000022990000)]
  0x000000001f63b000 JavaThread "Cache worker for cache directory md-rule (C:\Users\sakur\.gradle\caches\5.6.4\md-rule)" [_thread_blocked, id=5808, stack(0x0000000022240000,0x0000000022340000)]
  0x000000001f633800 JavaThread "Cache worker for cache directory md-supplier (C:\Users\sakur\.gradle\caches\5.6.4\md-supplier)" [_thread_blocked, id=10308, stack(0x00000000207e0000,0x00000000208e0000)]
  0x000000001f636800 JavaThread "Cache worker for file hash cache (D:\NewsApp\.gradle\5.6.4\fileHashes)" [_thread_blocked, id=6900, stack(0x00000000206e0000,0x00000000207e0000)]
  0x000000001f63a800 JavaThread "Thread-222" [_thread_blocked, id=2440, stack(0x000000001fb90000,0x000000001fc90000)]
  0x000000001f634800 JavaThread "Stdin handler" [_thread_blocked, id=11548, stack(0x000000001d5f0000,0x000000001d6f0000)]
  0x000000001f633000 JavaThread "Asynchronous log dispatcher for DefaultDaemonConnection: socket connection from /127.0.0.1:49831 to /127.0.0.1:50590" [_thread_blocked, id=2524, stack(0x000000001d2f0000,0x000000001d3f0000)]
  0x000000001f636000 JavaThread "Cancel handler" [_thread_blocked, id=10624, stack(0x000000001cef0000,0x000000001cff0000)]
  0x000000001f639800 JavaThread "Handler for socket connection from /127.0.0.1:49831 to /127.0.0.1:50590" [_thread_in_native, id=3192, stack(0x000000001cdf0000,0x000000001cef0000)]
  0x0000000019f2f000 JavaThread "RMI TCP Connection(idle)" daemon [_thread_blocked, id=12224, stack(0x0000000034ff0000,0x00000000350f0000)]
  0x0000000019f34000 JavaThread "RMI TCP Connection(idle)" daemon [_thread_blocked, id=4184, stack(0x0000000034df0000,0x0000000034ef0000)]
  0x000000001a5d6800 JavaThread "RMI TCP Connection(idle)" daemon [_thread_blocked, id=8760, stack(0x0000000034cf0000,0x0000000034df0000)]
  0x000000001f641000 JavaThread "RMI Reaper" [_thread_blocked, id=9340, stack(0x000000002b1f0000,0x000000002b2f0000)]
  0x000000001f63d800 JavaThread "RMI TCP Accept-0" daemon [_thread_in_native, id=8072, stack(0x000000002b0f0000,0x000000002b1f0000)]
  0x000000001f640800 JavaThread "GC Daemon" daemon [_thread_blocked, id=2392, stack(0x000000002aff0000,0x000000002b0f0000)]
  0x000000001e36f800 JavaThread "RMI Scheduler(0)" daemon [_thread_blocked, id=9736, stack(0x000000002aa50000,0x000000002ab50000)]
  0x000000001f635000 JavaThread "Daemon worker Thread 5" [_thread_blocked, id=11292, stack(0x000000001d1f0000,0x000000001d2f0000)]
  0x000000001f639000 JavaThread "Daemon Thread 5" [_thread_blocked, id=2496, stack(0x0000000001550000,0x0000000001650000)]
  0x000000002713a800 JavaThread "MarlinRenderer Disposer" daemon [_thread_blocked, id=4452, stack(0x000000002c6a0000,0x000000002c7a0000)]
  0x0000000027136800 JavaThread "Java2D Disposer" daemon [_thread_blocked, id=2312, stack(0x000000002c350000,0x000000002c450000)]
  0x000000001a5df800 JavaThread "Cache worker for file content cache (C:\Users\sakur\.gradle\caches\5.6.4\fileContent)" [_thread_blocked, id=3904, stack(0x0000000026cb0000,0x0000000026db0000)]
  0x000000001e362800 JavaThread "Memory manager" [_thread_blocked, id=1996, stack(0x0000000023f90000,0x0000000024090000)]
  0x0000000019f35000 JavaThread "Cache worker for execution history cache (C:\Users\sakur\.gradle\caches\5.6.4\executionHistory)" [_thread_blocked, id=6916, stack(0x00000000208e0000,0x00000000209e0000)]
  0x0000000019f30800 JavaThread "Cache worker for journal cache (C:\Users\sakur\.gradle\caches\journal-1)" [_thread_blocked, id=9824, stack(0x000000001daf0000,0x000000001dbf0000)]
  0x000000001bc70800 JavaThread "File lock request listener" [_thread_in_native, id=12160, stack(0x000000001d9f0000,0x000000001daf0000)]
  0x000000001bc79800 JavaThread "Cache worker for file hash cache (C:\Users\sakur\.gradle\caches\5.6.4\fileHashes)" [_thread_blocked, id=9328, stack(0x000000001d8f0000,0x000000001d9f0000)]
  0x000000001b48e000 JavaThread "Daemon periodic checks" [_thread_blocked, id=11804, stack(0x000000001ccf0000,0x000000001cdf0000)]
  0x0000000019f5f000 JavaThread "Incoming local TCP Connector on port 49831" [_thread_in_native, id=9896, stack(0x000000001bad0000,0x000000001bbd0000)]
  0x000000001b32f800 JavaThread "Daemon health stats" [_thread_blocked, id=3168, stack(0x000000001b490000,0x000000001b590000)]
  0x0000000018e26000 JavaThread "Service Thread" daemon [_thread_blocked, id=8260, stack(0x0000000019ac0000,0x0000000019bc0000)]
  0x0000000018df2000 JavaThread "C1 CompilerThread3" daemon [_thread_blocked, id=640, stack(0x00000000199c0000,0x0000000019ac0000)]
  0x0000000018deb000 JavaThread "C2 CompilerThread2" daemon [_thread_blocked, id=9460, stack(0x00000000198c0000,0x00000000199c0000)]
  0x0000000018de7000 JavaThread "C2 CompilerThread1" daemon [_thread_blocked, id=2692, stack(0x00000000197c0000,0x00000000198c0000)]
=>0x0000000018de0800 JavaThread "C2 CompilerThread0" daemon [_thread_in_native, id=10420, stack(0x00000000196c0000,0x00000000197c0000)]
  0x0000000018dde800 JavaThread "Attach Listener" daemon [_thread_blocked, id=5620, stack(0x00000000195c0000,0x00000000196c0000)]
  0x0000000018ddd000 JavaThread "Signal Dispatcher" daemon [_thread_blocked, id=7012, stack(0x00000000194c0000,0x00000000195c0000)]
  0x0000000003209000 JavaThread "Finalizer" daemon [_thread_blocked, id=4736, stack(0x00000000192b0000,0x00000000193b0000)]
  0x0000000003206800 JavaThread "Reference Handler" daemon [_thread_blocked, id=8716, stack(0x00000000191b0000,0x00000000192b0000)]
  0x000000000310d800 JavaThread "main" [_thread_blocked, id=2696, stack(0x0000000002f10000,0x0000000003010000)]

Other Threads:
  0x0000000016fc8000 VMThread [stack: 0x0000000018cb0000,0x0000000018db0000] [id=7544]
  0x0000000018e28800 WatcherThread [stack: 0x0000000019bc0000,0x0000000019cc0000] [id=4348]

VM state:not at safepoint (normal execution)

VM Mutex/Monitor currently owned by a thread: None

OutOfMemory and StackOverflow Exception counts:
OutOfMemoryError java_heap_errors=2

heap address: 0x00000000a0000000, size: 1536 MB, Compressed Oops mode: 32-bit
Narrow klass base: 0x0000000000000000, Narrow klass shift: 3
Compressed class space size: 1073741824 Address: 0x0000000100000000

Heap:
 PSYoungGen      total 459776K, used 182987K [0x00000000e0000000, 0x00000000ffc00000, 0x0000000100000000)
  eden space 402432K, 37% used [0x00000000e0000000,0x00000000e93f7398,0x00000000f8900000)
  from space 57344K, 54% used [0x00000000f8900000,0x00000000fa7bb9f8,0x00000000fc100000)
  to   space 56320K, 0% used [0x00000000fc500000,0x00000000fc500000,0x00000000ffc00000)
 ParOldGen       total 179712K, used 153605K [0x00000000a0000000, 0x00000000aaf80000, 0x00000000e0000000)
  object space 179712K, 85% used [0x00000000a0000000,0x00000000a96015b0,0x00000000aaf80000)
 Metaspace       used 118418K, capacity 124338K, committed 124544K, reserved 1157120K
  class space    used 15019K, capacity 16203K, committed 16256K, reserved 1048576K

Card table byte_map: [0x00000000125d0000,0x00000000128e0000] byte_map_base: 0x00000000120d0000

Marking Bits: (ParMarkBitMap*) 0x000000006a6c9f30
 Begin Bits: [0x00000000132e0000, 0x0000000014ae0000)
 End Bits:   [0x0000000014ae0000, 0x00000000162e0000)

Polling page: 0x00000000011f0000

CodeCache: size=245760Kb used=61072Kb max_used=61094Kb free=184687Kb
 bounds [0x0000000003210000, 0x0000000006e20000, 0x0000000012210000]
 total_blobs=17822 nmethods=16798 adapters=936
 compilation: enabled

Compilation events (10 events):
Event: 3631.929 Thread 0x0000000018deb000 nmethod 21266 0x0000000006e0ca90 code [0x0000000006e0cbc0, 0x0000000006e0ccb8]
Event: 3631.930 Thread 0x0000000018de7000 nmethod 21267 0x0000000004dee8d0 code [0x0000000004deea00, 0x0000000004deea78]
Event: 3631.936 Thread 0x0000000018df2000 21268       3       sun.nio.ch.FileDispatcherImpl::seek (6 bytes)
Event: 3631.936 Thread 0x0000000018df2000 nmethod 21268 0x0000000006b2fd50 code [0x0000000006b2fec0, 0x0000000006b30048]
Event: 3631.939 Thread 0x0000000018deb000 21269       4       java.util.Arrays$ArrayList::<init> (16 bytes)
Event: 3631.940 Thread 0x0000000018deb000 nmethod 21269 0x0000000005e128d0 code [0x0000000005e12a00, 0x0000000005e12a98]
Event: 3631.963 Thread 0x0000000018df2000 21270       3       org.objectweb.asm.commons.GeneratorAdapter::newArray (119 bytes)
Event: 3631.964 Thread 0x0000000018df2000 nmethod 21270 0x0000000006841a10 code [0x0000000006841bc0, 0x0000000006842328]
Event: 3631.976 Thread 0x0000000018de7000 21271       4       kotlin.text.StringsKt__StringsKt$rangesDelimitedBy$4::invoke (68 bytes)
Event: 3631.980 Thread 0x0000000018de7000 nmethod 21271 0x00000000036f2410 code [0x00000000036f2580, 0x00000000036f2808]

GC Heap History (10 events):
Event: 1541.121 GC heap before
{Heap before GC invocations=29 (full 4):
 PSYoungGen      total 458240K, used 419773K [0x00000000e0000000, 0x0000000100000000, 0x0000000100000000)
  eden space 389120K, 100% used [0x00000000e0000000,0x00000000f7c00000,0x00000000f7c00000)
  from space 69120K, 44% used [0x00000000fbc80000,0x00000000fda6f6e0,0x0000000100000000)
  to   space 66048K, 0% used [0x00000000f7c00000,0x00000000f7c00000,0x00000000fbc80000)
 ParOldGen       total 179712K, used 130476K [0x00000000a0000000, 0x00000000aaf80000, 0x00000000e0000000)
  object space 179712K, 72% used [0x00000000a0000000,0x00000000a7f6b1a8,0x00000000aaf80000)
 Metaspace       used 113719K, capacity 119058K, committed 119296K, reserved 1153024K
  class space    used 14496K, capacity 15579K, committed 15616K, reserved 1048576K
Event: 1541.137 GC heap after
Heap after GC invocations=29 (full 4):
 PSYoungGen      total 409600K, used 20477K [0x00000000e0000000, 0x00000000ff800000, 0x0000000100000000)
  eden space 389120K, 0% used [0x00000000e0000000,0x00000000e0000000,0x00000000f7c00000)
  from space 20480K, 99% used [0x00000000f7c00000,0x00000000f8fff668,0x00000000f9000000)
  to   space 63488K, 0% used [0x00000000fba00000,0x00000000fba00000,0x00000000ff800000)
 ParOldGen       total 179712K, used 134473K [0x00000000a0000000, 0x00000000aaf80000, 0x00000000e0000000)
  object space 179712K, 74% used [0x00000000a0000000,0x00000000a8352708,0x00000000aaf80000)
 Metaspace       used 113719K, capacity 119058K, committed 119296K, reserved 1153024K
  class space    used 14496K, capacity 15579K, committed 15616K, reserved 1048576K
}
Event: 3561.331 GC heap before
{Heap before GC invocations=30 (full 4):
 PSYoungGen      total 409600K, used 409597K [0x00000000e0000000, 0x00000000ff800000, 0x0000000100000000)
  eden space 389120K, 100% used [0x00000000e0000000,0x00000000f7c00000,0x00000000f7c00000)
  from space 20480K, 99% used [0x00000000f7c00000,0x00000000f8fff668,0x00000000f9000000)
  to   space 63488K, 0% used [0x00000000fba00000,0x00000000fba00000,0x00000000ff800000)
 ParOldGen       total 179712K, used 134473K [0x00000000a0000000, 0x00000000aaf80000, 0x00000000e0000000)
  object space 179712K, 74% used [0x00000000a0000000,0x00000000a8352708,0x00000000aaf80000)
 Metaspace       used 115586K, capacity 121172K, committed 121344K, reserved 1155072K
  class space    used 14698K, capacity 15814K, committed 15872K, reserved 1048576K
Event: 3561.388 GC heap after
Heap after GC invocations=30 (full 4):
 PSYoungGen      total 455680K, used 24094K [0x00000000e0000000, 0x0000000100000000, 0x0000000100000000)
  eden space 392192K, 0% used [0x00000000e0000000,0x00000000e0000000,0x00000000f7f00000)
  from space 63488K, 37% used [0x00000000fba00000,0x00000000fd187b80,0x00000000ff800000)
  to   space 60416K, 0% used [0x00000000f7f00000,0x00000000f7f00000,0x00000000fba00000)
 ParOldGen       total 179712K, used 138740K [0x00000000a0000000, 0x00000000aaf80000, 0x00000000e0000000)
  object space 179712K, 77% used [0x00000000a0000000,0x00000000a877d1c0,0x00000000aaf80000)
 Metaspace       used 115586K, capacity 121172K, committed 121344K, reserved 1155072K
  class space    used 14698K, capacity 15814K, committed 15872K, reserved 1048576K
}
Event: 3590.394 GC heap before
{Heap before GC invocations=31 (full 4):
 PSYoungGen      total 455680K, used 416286K [0x00000000e0000000, 0x0000000100000000, 0x0000000100000000)
  eden space 392192K, 100% used [0x00000000e0000000,0x00000000f7f00000,0x00000000f7f00000)
  from space 63488K, 37% used [0x00000000fba00000,0x00000000fd187b80,0x00000000ff800000)
  to   space 60416K, 0% used [0x00000000f7f00000,0x00000000f7f00000,0x00000000fba00000)
 ParOldGen       total 179712K, used 138782K [0x00000000a0000000, 0x00000000aaf80000, 0x00000000e0000000)
  object space 179712K, 77% used [0x00000000a0000000,0x00000000a8787ae0,0x00000000aaf80000)
 Metaspace       used 117850K, capacity 123654K, committed 123776K, reserved 1157120K
  class space    used 14990K, capacity 16175K, committed 16256K, reserved 1048576K
Event: 3590.447 GC heap after
Heap after GC invocations=31 (full 4):
 PSYoungGen      total 452608K, used 13684K [0x00000000e0000000, 0x00000000ffb00000, 0x0000000100000000)
  eden space 392192K, 0% used [0x00000000e0000000,0x00000000e0000000,0x00000000f7f00000)
  from space 60416K, 22% used [0x00000000f7f00000,0x00000000f8c5d338,0x00000000fba00000)
  to   space 59392K, 0% used [0x00000000fc100000,0x00000000fc100000,0x00000000ffb00000)
 ParOldGen       total 179712K, used 150583K [0x00000000a0000000, 0x00000000aaf80000, 0x00000000e0000000)
  object space 179712K, 83% used [0x00000000a0000000,0x00000000a930dfd8,0x00000000aaf80000)
 Metaspace       used 117850K, capacity 123654K, committed 123776K, reserved 1157120K
  class space    used 14990K, capacity 16175K, committed 16256K, reserved 1048576K
}
Event: 3592.146 GC heap before
{Heap before GC invocations=32 (full 4):
 PSYoungGen      total 452608K, used 405876K [0x00000000e0000000, 0x00000000ffb00000, 0x0000000100000000)
  eden space 392192K, 100% used [0x00000000e0000000,0x00000000f7f00000,0x00000000f7f00000)
  from space 60416K, 22% used [0x00000000f7f00000,0x00000000f8c5d338,0x00000000fba00000)
  to   space 59392K, 0% used [0x00000000fc100000,0x00000000fc100000,0x00000000ffb00000)
 ParOldGen       total 179712K, used 150588K [0x00000000a0000000, 0x00000000aaf80000, 0x00000000e0000000)
  object space 179712K, 83% used [0x00000000a0000000,0x00000000a930f208,0x00000000aaf80000)
 Metaspace       used 117915K, capacity 123724K, committed 124032K, reserved 1157120K
  class space    used 14992K, capacity 16176K, committed 16256K, reserved 1048576K
Event: 3592.232 GC heap after
Heap after GC invocations=32 (full 4):
 PSYoungGen      total 461824K, used 29437K [0x00000000e0000000, 0x00000000ffb00000, 0x0000000100000000)
  eden space 402432K, 0% used [0x00000000e0000000,0x00000000e0000000,0x00000000f8900000)
  from space 59392K, 49% used [0x00000000fc100000,0x00000000fddbf678,0x00000000ffb00000)
  to   space 57344K, 0% used [0x00000000f8900000,0x00000000f8900000,0x00000000fc100000)
 ParOldGen       total 179712K, used 153120K [0x00000000a0000000, 0x00000000aaf80000, 0x00000000e0000000)
  object space 179712K, 85% used [0x00000000a0000000,0x00000000a9588210,0x00000000aaf80000)
 Metaspace       used 117915K, capacity 123724K, committed 124032K, reserved 1157120K
  class space    used 14992K, capacity 16176K, committed 16256K, reserved 1048576K
}
Event: 3626.106 GC heap before
{Heap before GC invocations=33 (full 4):
 PSYoungGen      total 461824K, used 431869K [0x00000000e0000000, 0x00000000ffb00000, 0x0000000100000000)
  eden space 402432K, 100% used [0x00000000e0000000,0x00000000f8900000,0x00000000f8900000)
  from space 59392K, 49% used [0x00000000fc100000,0x00000000fddbf678,0x00000000ffb00000)
  to   space 57344K, 0% used [0x00000000f8900000,0x00000000f8900000,0x00000000fc100000)
 ParOldGen       total 179712K, used 153120K [0x00000000a0000000, 0x00000000aaf80000, 0x00000000e0000000)
  object space 179712K, 85% used [0x00000000a0000000,0x00000000a9588210,0x00000000aaf80000)
 Metaspace       used 118280K, capacity 124210K, committed 124288K, reserved 1157120K
  class space    used 15019K, capacity 16203K, committed 16256K, reserved 1048576K
Event: 3626.192 GC heap after
Heap after GC invocations=33 (full 4):
 PSYoungGen      total 459776K, used 31470K [0x00000000e0000000, 0x00000000ffc00000, 0x0000000100000000)
  eden space 402432K, 0% used [0x00000000e0000000,0x00000000e0000000,0x00000000f8900000)
  from space 57344K, 54% used [0x00000000f8900000,0x00000000fa7bb9f8,0x00000000fc100000)
  to   space 56320K, 0% used [0x00000000fc500000,0x00000000fc500000,0x00000000ffc00000)
 ParOldGen       total 179712K, used 153605K [0x00000000a0000000, 0x00000000aaf80000, 0x00000000e0000000)
  object space 179712K, 85% used [0x00000000a0000000,0x00000000a96015b0,0x00000000aaf80000)
 Metaspace       used 118280K, capacity 124210K, committed 124288K, reserved 1157120K
  class space    used 15019K, capacity 16203K, committed 16256K, reserved 1048576K
}

Deoptimization events (10 events):
Event: 3595.816 Thread 0x0000000019f2f000 Uncommon trap: reason=class_check action=maybe_recompile pc=0x000000000349c728 method=java.lang.ThreadLocal.set(Ljava/lang/Object;)V @ 26
Event: 3599.001 Thread 0x000000001f633000 Uncommon trap: reason=unloaded action=reinterpret pc=0x0000000005d8b02c method=org.gradle.internal.logging.sink.ProgressLogEventGenerator$Operation.completeHeader()V @ 55
Event: 3599.009 Thread 0x000000001f633000 Uncommon trap: reason=class_check action=maybe_recompile pc=0x0000000005e59088 method=org.gradle.internal.Try.map(Ljava/util/function/Function;)Lorg/gradle/internal/Try; @ 10
Event: 3622.272 Thread 0x000000001f635000 Uncommon trap: reason=predicate action=maybe_recompile pc=0x0000000004d48e40 method=com.google.common.collect.RegularImmutableMap.fromEntryArray(I[Ljava/util/Map$Entry;)Lcom/google/common/collect/ImmutableMap; @ 62
Event: 3622.926 Thread 0x000000001f635000 Uncommon trap: reason=class_check action=maybe_recompile pc=0x00000000066794c4 method=com.google.common.collect.ImmutableMap.copyOf(Ljava/util/Map;)Lcom/google/common/collect/ImmutableMap; @ 49
Event: 3622.926 Thread 0x000000001f635000 Uncommon trap: reason=class_check action=maybe_recompile pc=0x000000000667abf4 method=com.google.common.collect.Iterables.castOrCopyToCollection(Ljava/lang/Iterable;)Ljava/util/Collection; @ 1
Event: 3624.391 Thread 0x000000002713b000 Uncommon trap: reason=unstable_if action=reinterpret pc=0x0000000004f1e17c method=java.util.concurrent.locks.LockSupport.unpark(Ljava/lang/Thread;)V @ 1
Event: 3626.193 Thread 0x000000001a5d9800 Uncommon trap: reason=class_check action=maybe_recompile pc=0x00000000037dbb24 method=java.util.WeakHashMap.eq(Ljava/lang/Object;Ljava/lang/Object;)Z @ 7
Event: 3626.742 Thread 0x0000000027142000 Uncommon trap: reason=class_check action=maybe_recompile pc=0x0000000003f7ca78 method=java.io.BufferedWriter.flushBuffer()V @ 34
Event: 3627.855 Thread 0x0000000027140800 Uncommon trap: reason=bimorphic action=maybe_recompile pc=0x000000000637ce9c method=com.sun.org.apache.xerces.internal.dom.ElementImpl.getNodeName()Ljava/lang/String; @ 8

Classes redefined (0 events):
No events

Internal exceptions (10 events):
Event: 3593.367 Thread 0x000000001a5d9800 Exception <a 'java/lang/InterruptedException'> (0x00000000eb5528f8) thrown at [D:\src\AOSP-openjdk-cygwin\jdk8u\hotspot\src\share\vm\runtime\objectMonitor.cpp, line 1680]
Event: 3595.790 Thread 0x0000000019f35800 Exception <a 'java/lang/InterruptedException'> (0x00000000ebba2da8) thrown at [D:\src\AOSP-openjdk-cygwin\jdk8u\hotspot\src\share\vm\runtime\objectMonitor.cpp, line 1680]
Event: 3599.006 Thread 0x000000001f633000 Exception <a 'java/lang/reflect/InvocationTargetException'> (0x00000000ebe5ecd0) thrown at [D:\src\AOSP-openjdk-cygwin\jdk8u\hotspot\src\share\vm\runtime\reflection.cpp, line 1092]
Event: 3599.025 Thread 0x000000001f635000 Exception <a 'sun/nio/fs/WindowsException'> (0x00000000ea21f090) thrown at [D:\src\AOSP-openjdk-cygwin\jdk8u\hotspot\src\share\vm\prims\jni.cpp, line 710]
Event: 3624.548 Thread 0x0000000027142800 Exception <a 'sun/nio/fs/WindowsException'> (0x00000000f2ddbb70) thrown at [D:\src\AOSP-openjdk-cygwin\jdk8u\hotspot\src\share\vm\prims\jni.cpp, line 710]
Event: 3631.842 Thread 0x000000001a5d6000 Exception <a 'sun/nio/fs/WindowsException'> (0x00000000e7938950) thrown at [D:\src\AOSP-openjdk-cygwin\jdk8u\hotspot\src\share\vm\prims\jni.cpp, line 710]
Event: 3631.843 Thread 0x000000001a5d6000 Exception <a 'sun/nio/fs/WindowsException'> (0x00000000e79390e0) thrown at [D:\src\AOSP-openjdk-cygwin\jdk8u\hotspot\src\share\vm\prims\jni.cpp, line 710]
Event: 3631.843 Thread 0x000000001a5d6000 Exception <a 'sun/nio/fs/WindowsException'> (0x00000000e7939588) thrown at [D:\src\AOSP-openjdk-cygwin\jdk8u\hotspot\src\share\vm\prims\jni.cpp, line 710]
Event: 3631.992 Thread 0x000000001a5d6000 Exception <a 'java/lang/OutOfMemoryError'> (0x00000000e93ed340) thrown at [D:\src\AOSP-openjdk-cygwin\jdk8u\hotspot\src\share\vm\prims\jni.cpp, line 736]
Event: 3631.994 Thread 0x0000000027142000 Exception <a 'java/lang/reflect/InvocationTargetException'> (0x00000000e5ae38a0) thrown at [D:\src\AOSP-openjdk-cygwin\jdk8u\hotspot\src\share\vm\runtime\reflection.cpp, line 1092]

Events (10 events):
Event: 3630.403 Executing VM operation: RevokeBias
Event: 3630.403 Executing VM operation: RevokeBias done
Event: 3630.404 Executing VM operation: RevokeBias
Event: 3630.404 Executing VM operation: RevokeBias done
Event: 3631.723 Thread 0x000000001a5d6000 DEOPT PACKING pc=0x000000000665eb22 sp=0x000000002b5ee1d0
Event: 3631.724 Thread 0x000000001a5d6000 DEOPT UNPACKING pc=0x00000000032571d0 sp=0x000000002b5ee030 mode 0
Event: 3631.815 Thread 0x000000001a5d6000 DEOPT PACKING pc=0x000000000669125e sp=0x000000002b5ee1e0
Event: 3631.815 Thread 0x000000001a5d6000 DEOPT UNPACKING pc=0x00000000032571d0 sp=0x000000002b5edf80 mode 0
Event: 3631.822 Thread 0x000000001a5d6000 DEOPT PACKING pc=0x000000000665eb22 sp=0x000000002b5ee0e0
Event: 3631.822 Thread 0x000000001a5d6000 DEOPT UNPACKING pc=0x00000000032571d0 sp=0x000000002b5edf40 mode 0


Dynamic libraries:
0x00007ff755390000 - 0x00007ff7553c1000 	D:\Android Studio\jre\bin\java.exe
0x00007ff822760000 - 0x00007ff822950000 	C:\Windows\SYSTEM32\ntdll.dll
0x00007ff821570000 - 0x00007ff821622000 	C:\Windows\System32\KERNEL32.DLL
0x00007ff81f990000 - 0x00007ff81fc33000 	C:\Windows\System32\KERNELBASE.dll
0x00007ff822050000 - 0x00007ff8220f3000 	C:\Windows\System32\ADVAPI32.dll
0x00007ff8224d0000 - 0x00007ff82256e000 	C:\Windows\System32\msvcrt.dll
0x00007ff820a40000 - 0x00007ff820ad7000 	C:\Windows\System32\sechost.dll
0x00007ff821f30000 - 0x00007ff822050000 	C:\Windows\System32\RPCRT4.dll
0x00007ff820e20000 - 0x00007ff820fb4000 	C:\Windows\System32\USER32.dll
0x00007ff81fdc0000 - 0x00007ff81fde1000 	C:\Windows\System32\win32u.dll
0x00007ff820fc0000 - 0x00007ff820fe6000 	C:\Windows\System32\GDI32.dll
0x00007ff81fe50000 - 0x00007ff81ffe4000 	C:\Windows\System32\gdi32full.dll
0x00007ff81fff0000 - 0x00007ff82008e000 	C:\Windows\System32\msvcp_win.dll
0x00007ff81f6f0000 - 0x00007ff81f7ea000 	C:\Windows\System32\ucrtbase.dll
0x00007ff815290000 - 0x00007ff815515000 	C:\Windows\WinSxS\amd64_microsoft.windows.common-controls_6595b64144ccf1df_6.0.18362.778_none_e6c6b761130d4fb8\COMCTL32.dll
0x00007ff820ae0000 - 0x00007ff820e16000 	C:\Windows\System32\combase.dll
0x00007ff81f810000 - 0x00007ff81f890000 	C:\Windows\System32\bcryptPrimitives.dll
0x00007ff8223d0000 - 0x00007ff8223fe000 	C:\Windows\System32\IMM32.DLL
0x0000000069e20000 - 0x0000000069ef2000 	D:\Android Studio\jre\jre\bin\msvcr100.dll
0x0000000069f00000 - 0x000000006a746000 	D:\Android Studio\jre\jre\bin\server\jvm.dll
0x00007ff821e40000 - 0x00007ff821e48000 	C:\Windows\System32\PSAPI.DLL
0x00007ff81afd0000 - 0x00007ff81afd9000 	C:\Windows\SYSTEM32\WSOCK32.dll
0x00007ff81d110000 - 0x00007ff81d134000 	C:\Windows\SYSTEM32\WINMM.dll
0x00007ff8216b0000 - 0x00007ff82171f000 	C:\Windows\System32\WS2_32.dll
0x00007ff815a80000 - 0x00007ff815a8a000 	C:\Windows\SYSTEM32\VERSION.dll
0x00007ff81cf00000 - 0x00007ff81cf2d000 	C:\Windows\SYSTEM32\WINMMBASE.dll
0x00007ff81f940000 - 0x00007ff81f98a000 	C:\Windows\System32\cfgmgr32.dll
0x00007ff81bee0000 - 0x00007ff81beef000 	D:\Android Studio\jre\jre\bin\verify.dll
0x00007ff819be0000 - 0x00007ff819c09000 	D:\Android Studio\jre\jre\bin\java.dll
0x00007ff819980000 - 0x00007ff819996000 	D:\Android Studio\jre\jre\bin\zip.dll
0x00007ff821750000 - 0x00007ff821e35000 	C:\Windows\System32\SHELL32.dll
0x00007ff822160000 - 0x00007ff822209000 	C:\Windows\System32\shcore.dll
0x00007ff820090000 - 0x00007ff820810000 	C:\Windows\System32\windows.storage.dll
0x00007ff81f650000 - 0x00007ff81f673000 	C:\Windows\System32\profapi.dll
0x00007ff81f6a0000 - 0x00007ff81f6ea000 	C:\Windows\System32\powrprof.dll
0x00007ff81f620000 - 0x00007ff81f630000 	C:\Windows\System32\UMPDC.dll
0x00007ff822100000 - 0x00007ff822152000 	C:\Windows\System32\shlwapi.dll
0x00007ff81f630000 - 0x00007ff81f641000 	C:\Windows\System32\kernel.appcore.dll
0x00007ff81f7f0000 - 0x00007ff81f807000 	C:\Windows\System32\cryptsp.dll
0x00007ff819670000 - 0x00007ff81968a000 	D:\Android Studio\jre\jre\bin\net.dll
0x00007ff817f80000 - 0x00007ff818155000 	C:\Windows\SYSTEM32\urlmon.dll
0x00007ff817ab0000 - 0x00007ff817d56000 	C:\Windows\SYSTEM32\iertutil.dll
0x00007ff81ef60000 - 0x00007ff81ef6c000 	C:\Windows\SYSTEM32\CRYPTBASE.DLL
0x00007ff81ede0000 - 0x00007ff81ee47000 	C:\Windows\system32\mswsock.dll
0x00007ff819650000 - 0x00007ff819663000 	D:\Android Studio\jre\jre\bin\nio.dll
0x00007ff8195a0000 - 0x00007ff8195c6000 	C:\Users\sakur\.gradle\native\30\windows-amd64\native-platform.dll
0x00007ff81a480000 - 0x00007ff81a48d000 	D:\Android Studio\jre\jre\bin\management.dll
0x00007ff81e960000 - 0x00007ff81e993000 	C:\Windows\system32\rsaenh.dll
0x00007ff81fd90000 - 0x00007ff81fdb6000 	C:\Windows\System32\bcrypt.dll
0x00007ff81f540000 - 0x00007ff81f565000 	C:\Windows\SYSTEM32\USERENV.dll
0x00007ff81eb00000 - 0x00007ff81eb3a000 	C:\Windows\SYSTEM32\IPHLPAPI.DLL
0x00007ff821740000 - 0x00007ff821748000 	C:\Windows\System32\NSI.dll
0x00007ff818490000 - 0x00007ff8184a6000 	C:\Windows\SYSTEM32\dhcpcsvc6.DLL
0x00007ff8184b0000 - 0x00007ff8184cc000 	C:\Windows\SYSTEM32\dhcpcsvc.DLL
0x00007ff81eb40000 - 0x00007ff81ec0a000 	C:\Windows\SYSTEM32\DNSAPI.dll
0x00007ff81e640000 - 0x00007ff81e671000 	C:\Windows\SYSTEM32\ntmarta.dll
0x00007ff8190b0000 - 0x00007ff8190d4000 	D:\Android Studio\jre\jre\bin\sunec.dll
0x00007ff817dd0000 - 0x00007ff817dda000 	C:\Windows\System32\rasadhlp.dll
0x00007ff8182b0000 - 0x00007ff818327000 	C:\Windows\System32\fwpuclnt.dll
0x00007ff819bc0000 - 0x00007ff819bcb000 	D:\Android Studio\jre\jre\bin\sunmscapi.dll
0x00007ff81fc40000 - 0x00007ff81fd89000 	C:\Windows\System32\CRYPT32.dll
0x00007ff81f680000 - 0x00007ff81f692000 	C:\Windows\System32\MSASN1.dll
0x00007ff81d860000 - 0x00007ff81d8ef000 	C:\Windows\system32\apphelp.dll
0x00007ff814920000 - 0x00007ff814abc000 	D:\Android Studio\jre\jre\bin\awt.dll
0x00007ff821e50000 - 0x00007ff821f14000 	C:\Windows\System32\OLEAUT32.dll
0x00007ff81dd80000 - 0x00007ff81ddad000 	C:\Windows\SYSTEM32\dwmapi.dll
0x00007ff81c270000 - 0x00007ff81c830000 	C:\Windows\SYSTEM32\d2d1.dll
0x00007ff81d960000 - 0x00007ff81d9f9000 	C:\Windows\system32\uxtheme.dll
0x00007ff81a100000 - 0x00007ff81a11e000 	C:\Users\sakur\AppData\Local\Temp\native-platform536202484156384570dir\native-platform.dll

VM Arguments:
jvm_args: -Xmx1536m -Dfile.encoding=windows-1251 -Duser.country=RU -Duser.language=ru -Duser.variant 
java_command: org.gradle.launcher.daemon.bootstrap.GradleDaemon 5.6.4
java_class_path (initial): C:\Users\sakur\.gradle\wrapper\dists\gradle-5.6.4-all\ankdp27end7byghfw1q2sw75f\gradle-5.6.4\lib\gradle-launcher-5.6.4.jar
Launcher Type: SUN_STANDARD

Environment Variables:
JAVA_HOME=C:\Program Files\Java\jdk1.8.0_231
PATH=C:\Program Files (x86)\Common Files\Oracle\Java\javapath;C:\Windows\system32;C:\Windows;C:\Windows\System32\Wbem;C:\Windows\System32\WindowsPowerShell\v1.0\;C:\Windows\System32\OpenSSH\;C:\Program Files\Git\cmd;C:\Program Files\Git\mingw64\bin;C:\Program Files\Git\usr\bin;C:\Users\sakur\AppData\Local\Microsoft\WindowsApps;
USERNAME=sakur
OS=Windows_NT
PROCESSOR_IDENTIFIER=AMD64 Family 23 Model 17 Stepping 0, AuthenticAMD



---------------  S Y S T E M  ---------------

OS: Windows 10.0 , 64 bit Build 18362 (10.0.18362.778)

CPU:total 8 (initial active 8) (8 cores per cpu, 1 threads per core) family 23 model 17 stepping 0, cmov, cx8, fxsr, mmx, sse, sse2, sse3, ssse3, sse4.1, sse4.2, popcnt, avx, avx2, aes, clmul, mmxext, 3dnowpref, lzcnt, sse4a, tsc, tscinvbit, tscinv, bmi1

Memory: 4k page, physical 7234836k(829036k free), swap 9299220k(3204k free)

vm_info: OpenJDK 64-Bit Server VM (25.212-b04) for windows-amd64 JRE (1.8.0_212-release-1586-b04), built by "builder" with MS VC++ 10.0 (VS2010)

time: Fri May 08 11:40:22 2020
timezone: RTZ 2 (зима)
elapsed time: 3632 seconds (0d 1h 0m 32s)

