#
# There is insufficient memory for the Java Runtime Environment to continue.
# Native memory allocation (malloc) failed to allocate 580576 bytes for Chunk::new
# Possible reasons:
#   The system is out of physical RAM or swap space
#   The process is running with CompressedOops enabled, and the Java Heap may be blocking the growth of the native heap
# Possible solutions:
#   Reduce memory load on the system
#   Increase physical memory or swap space
#   Check if swap backing store is full
#   Decrease Java heap size (-Xmx/-Xms)
#   Decrease number of Java threads
#   Decrease Java thread stack sizes (-Xss)
#   Set larger code cache with -XX:ReservedCodeCacheSize=
#   JVM is running with Unscaled Compressed Oops mode in which the Java heap is
#     placed in the first 4GB address space. The Java Heap base address is the
#     maximum limit for the native heap growth. Please use -XX:HeapBaseMinAddress
#     to set the Java Heap base and to place the Java Heap above 4GB virtual address.
# This output file may be truncated or incomplete.
#
#  Out of Memory Error (allocation.cpp:389), pid=3864, tid=0x0000000000000d1c
#
# JRE version: OpenJDK Runtime Environment (8.0_212-b04) (build 1.8.0_212-release-1586-b04)
# Java VM: OpenJDK 64-Bit Server VM (25.212-b04 mixed mode windows-amd64 compressed oops)
# Failed to write core dump. Minidumps are not enabled by default on client versions of Windows
#

---------------  T H R E A D  ---------------

Current thread (0x0000000018b57800):  JavaThread "C2 CompilerThread2" daemon [_thread_in_native, id=3356, stack(0x0000000019620000,0x0000000019720000)]

Stack: [0x0000000019620000,0x0000000019720000]
[error occurred during error reporting (printing stack bounds), id 0xc0000005]

Native frames: (J=compiled Java code, j=interpreted, Vv=VM code, C=native code)


Current CompileTask:
C2: 592230 12060       4       com.sun.org.apache.xerces.internal.parsers.XML11Configuration::addRecognizedParamsAndSetDefaults (173 bytes)


---------------  P R O C E S S  ---------------

Java Threads: ( => current thread )
  0x0000000018b59000 JavaThread "Cache worker for execution history cache (D:\NewsApp\.gradle\5.6.4\executionHistory)" [_thread_blocked, id=5228, stack(0x00000000265e0000,0x00000000266e0000)]
  0x000000001e3c0800 JavaThread "Execution worker for ':' Thread 7" [_thread_blocked, id=10800, stack(0x00000000264e0000,0x00000000265e0000)]
  0x000000001e3c6800 JavaThread "Execution worker for ':' Thread 6" [_thread_blocked, id=6644, stack(0x00000000261e0000,0x00000000262e0000)]
  0x000000001e3c2000 JavaThread "Execution worker for ':' Thread 5" [_thread_blocked, id=5276, stack(0x00000000260e0000,0x00000000261e0000)]
  0x000000001e3b8000 JavaThread "Execution worker for ':' Thread 4" [_thread_blocked, id=6524, stack(0x0000000025fe0000,0x00000000260e0000)]
  0x000000001e3bb000 JavaThread "Execution worker for ':' Thread 3" [_thread_blocked, id=7564, stack(0x0000000025ee0000,0x0000000025fe0000)]
  0x000000001e3bf000 JavaThread "Execution worker for ':' Thread 2" [_thread_blocked, id=10216, stack(0x0000000025de0000,0x0000000025ee0000)]
  0x000000001e3b9000 JavaThread "Execution worker for ':'" [_thread_in_Java, id=12096, stack(0x0000000025be0000,0x0000000025ce0000)]
  0x000000001e3be000 JavaThread "Cache worker for file content cache (D:\NewsApp\.gradle\5.6.4\fileContent)" [_thread_blocked, id=1604, stack(0x00000000258b0000,0x00000000259b0000)]
  0x000000001e3b7800 JavaThread "Cache worker for file content cache (C:\Users\sakur\.gradle\caches\5.6.4\fileContent)" [_thread_blocked, id=5288, stack(0x0000000022ce0000,0x0000000022de0000)]
  0x0000000023874800 JavaThread "Cache worker for Build Output Cleanup Cache (D:\NewsApp\.gradle\buildOutputCleanup)" [_thread_blocked, id=1068, stack(0x00000000225e0000,0x00000000226e0000)]
  0x0000000023874000 JavaThread "Build operations Thread 8" [_thread_blocked, id=6136, stack(0x00000000224e0000,0x00000000225e0000)]
  0x0000000023872800 JavaThread "Build operations Thread 7" [_thread_blocked, id=9904, stack(0x00000000223e0000,0x00000000224e0000)]
  0x0000000023873000 JavaThread "Build operations Thread 6" [_thread_blocked, id=5300, stack(0x00000000222e0000,0x00000000223e0000)]
  0x000000002386b000 JavaThread "Build operations Thread 5" [_thread_blocked, id=5036, stack(0x00000000221e0000,0x00000000222e0000)]
  0x0000000023871800 JavaThread "Build operations Thread 4" [_thread_blocked, id=3740, stack(0x00000000220e0000,0x00000000221e0000)]
  0x0000000023871000 JavaThread "Build operations Thread 3" [_thread_blocked, id=9728, stack(0x0000000020510000,0x0000000020610000)]
  0x0000000023870000 JavaThread "Build operations Thread 2" [_thread_blocked, id=976, stack(0x0000000020410000,0x0000000020510000)]
  0x000000002386f800 JavaThread "Build operations" [_thread_blocked, id=1796, stack(0x000000001fb10000,0x000000001fc10000)]
  0x0000000023869000 JavaThread "Cache worker for cache directory md-rule (C:\Users\sakur\.gradle\caches\5.6.4\md-rule)" [_thread_blocked, id=2816, stack(0x000000001d370000,0x000000001d470000)]
  0x0000000023868800 JavaThread "Cache worker for cache directory md-supplier (C:\Users\sakur\.gradle\caches\5.6.4\md-supplier)" [_thread_blocked, id=412, stack(0x000000001d270000,0x000000001d370000)]
  0x000000002386e800 JavaThread "Cache worker for file hash cache (D:\NewsApp\.gradle\5.6.4\fileHashes)" [_thread_blocked, id=3744, stack(0x000000001d170000,0x000000001d270000)]
  0x000000002386a000 JavaThread "Thread-58" [_thread_blocked, id=9012, stack(0x000000001d070000,0x000000001d170000)]
  0x0000000023867000 JavaThread "Stdin handler" [_thread_blocked, id=12128, stack(0x000000001cf70000,0x000000001d070000)]
  0x000000002386e000 JavaThread "Asynchronous log dispatcher for DefaultDaemonConnection: socket connection from /127.0.0.1:50601 to /127.0.0.1:50644" [_thread_blocked, id=11460, stack(0x000000001cc70000,0x000000001cd70000)]
  0x0000000023866000 JavaThread "Daemon worker Thread 3" [_thread_blocked, id=8424, stack(0x000000001cb70000,0x000000001cc70000)]
  0x000000002386d000 JavaThread "Cancel handler" [_thread_blocked, id=11304, stack(0x0000000001330000,0x0000000001430000)]
  0x000000002386b800 JavaThread "Handler for socket connection from /127.0.0.1:50601 to /127.0.0.1:50644" [_thread_in_native, id=1320, stack(0x0000000001230000,0x0000000001330000)]
  0x000000002386c800 JavaThread "Daemon Thread 3" [_thread_blocked, id=2212, stack(0x0000000001130000,0x0000000001230000)]
  0x000000001e3bc000 JavaThread "Memory manager" [_thread_blocked, id=9892, stack(0x00000000249b0000,0x0000000024ab0000)]
  0x000000001e3bf800 JavaThread "Cache worker for execution history cache (C:\Users\sakur\.gradle\caches\5.6.4\executionHistory)" [_thread_blocked, id=7264, stack(0x0000000020610000,0x0000000020710000)]
  0x0000000018b5c800 JavaThread "Cache worker for journal cache (C:\Users\sakur\.gradle\caches\journal-1)" [_thread_blocked, id=5800, stack(0x000000001d870000,0x000000001d970000)]
  0x0000000018b5c000 JavaThread "File lock request listener" [_thread_in_native, id=10128, stack(0x000000001d770000,0x000000001d870000)]
  0x0000000018bc5000 JavaThread "Cache worker for file hash cache (C:\Users\sakur\.gradle\caches\5.6.4\fileHashes)" [_thread_blocked, id=5624, stack(0x000000001d670000,0x000000001d770000)]
  0x0000000019ace000 JavaThread "Daemon periodic checks" [_thread_blocked, id=9228, stack(0x000000001ca70000,0x000000001cb70000)]
  0x0000000019ae6800 JavaThread "Incoming local TCP Connector on port 50601" [_thread_in_native, id=7996, stack(0x000000001c820000,0x000000001c920000)]
  0x000000001b14e000 JavaThread "Daemon health stats" [_thread_blocked, id=1588, stack(0x000000001c1c0000,0x000000001c2c0000)]
  0x0000000018bd8800 JavaThread "Service Thread" daemon [_thread_blocked, id=7080, stack(0x0000000019820000,0x0000000019920000)]
  0x0000000018b5b000 JavaThread "C1 CompilerThread3" daemon [_thread_blocked, id=8964, stack(0x0000000019720000,0x0000000019820000)]
=>0x0000000018b57800 JavaThread "C2 CompilerThread2" daemon [_thread_in_native, id=3356, stack(0x0000000019620000,0x0000000019720000)]
  0x0000000018b4c000 JavaThread "C2 CompilerThread1" daemon [_thread_in_native, id=11188, stack(0x0000000019520000,0x0000000019620000)]
  0x0000000018b40000 JavaThread "C2 CompilerThread0" daemon [_thread_blocked, id=7552, stack(0x0000000019420000,0x0000000019520000)]
  0x0000000018b3e000 JavaThread "Attach Listener" daemon [_thread_blocked, id=8956, stack(0x0000000019320000,0x0000000019420000)]
  0x0000000018b3d000 JavaThread "Signal Dispatcher" daemon [_thread_blocked, id=2120, stack(0x0000000019220000,0x0000000019320000)]
  0x0000000016d32000 JavaThread "Finalizer" daemon [_thread_blocked, id=5884, stack(0x0000000019010000,0x0000000019110000)]
  0x0000000002f66800 JavaThread "Reference Handler" daemon [_thread_blocked, id=8032, stack(0x0000000018f10000,0x0000000019010000)]
  0x0000000002d0d800 JavaThread "main" [_thread_blocked, id=5792, stack(0x0000000002d70000,0x0000000002e70000)]

Other Threads:
  0x0000000016d28000 VMThread [stack: 0x0000000018a10000,0x0000000018b10000] [id=2776]
  0x0000000018bdc800 WatcherThread [stack: 0x0000000019920000,0x0000000019a20000] [id=6992]

VM state:not at safepoint (normal execution)

VM Mutex/Monitor currently owned by a thread: None

heap address: 0x00000000a0000000, size: 1536 MB, Compressed Oops mode: 32-bit
Narrow klass base: 0x0000000000000000, Narrow klass shift: 3
Compressed class space size: 1073741824 Address: 0x0000000100000000

Heap:
 PSYoungGen      total 215040K, used 57221K [0x00000000e0000000, 0x00000000ee980000, 0x0000000100000000)
  eden space 197120K, 21% used [0x00000000e0000000,0x00000000e2878c70,0x00000000ec080000)
  from space 17920K, 88% used [0x00000000ed800000,0x00000000ee768930,0x00000000ee980000)
  to   space 20992K, 0% used [0x00000000ec080000,0x00000000ec080000,0x00000000ed500000)
 ParOldGen       total 109056K, used 57104K [0x00000000a0000000, 0x00000000a6a80000, 0x00000000e0000000)
  object space 109056K, 52% used [0x00000000a0000000,0x00000000a37c4100,0x00000000a6a80000)
 Metaspace       used 80325K, capacity 84522K, committed 84736K, reserved 1122304K
  class space    used 10634K, capacity 11475K, committed 11520K, reserved 1048576K

Card table byte_map: [0x0000000012330000,0x0000000012640000] byte_map_base: 0x0000000011e30000

Marking Bits: (ParMarkBitMap*) 0x000000006a6c9f30
 Begin Bits: [0x0000000013040000, 0x0000000014840000)
 End Bits:   [0x0000000014840000, 0x0000000016040000)

Polling page: 0x0000000002cf0000

CodeCache: size=245760Kb used=34051Kb max_used=34051Kb free=211708Kb
 bounds [0x0000000002f70000, 0x00000000050e0000, 0x0000000011f70000]
 total_blobs=11256 nmethods=10434 adapters=735
 compilation: enabled

Compilation events (10 events):
Event: 592.214 Thread 0x0000000018b5b000 12104       3       com.google.common.collect.LinkedListMultimap$DistinctKeyIterator::checkForConcurrentModification (23 bytes)
Event: 592.214 Thread 0x0000000018b5b000 nmethod 12104 0x00000000050d0a10 code [0x00000000050d0b80, 0x00000000050d0de8]
Event: 592.214 Thread 0x0000000018b5b000 12105       3       com.google.common.collect.LinkedListMultimap$ValueForKeyIterator::hasNext (13 bytes)
Event: 592.215 Thread 0x0000000018b5b000 nmethod 12105 0x00000000050d53d0 code [0x00000000050d5520, 0x00000000050d56d0]
Event: 592.215 Thread 0x0000000018b5b000 12102       3       com.android.ide.common.resources.ValueResourceParser2::checkDuplicate (103 bytes)
Event: 592.217 Thread 0x0000000018b5b000 nmethod 12102 0x00000000050d6f10 code [0x00000000050d7180, 0x00000000050d84c8]
Event: 592.217 Thread 0x0000000018b5b000 12103       3       com.android.ide.common.resources.DataItem::setSourceFile (6 bytes)
Event: 592.217 Thread 0x0000000018b5b000 nmethod 12103 0x00000000050bfbd0 code [0x00000000050bfd20, 0x00000000050bfe90]
Event: 592.222 Thread 0x0000000018b5b000 12106       1       java.util.Locale::getDefault (4 bytes)
Event: 592.222 Thread 0x0000000018b5b000 nmethod 12106 0x00000000050d5150 code [0x00000000050d52a0, 0x00000000050d5390]

GC Heap History (10 events):
Event: 17.083 GC heap before
{Heap before GC invocations=19 (full 3):
 PSYoungGen      total 161280K, used 6560K [0x00000000e0000000, 0x00000000eb500000, 0x0000000100000000)
  eden space 147456K, 0% used [0x00000000e0000000,0x00000000e0000000,0x00000000e9000000)
  from space 13824K, 47% used [0x00000000e9d00000,0x00000000ea368000,0x00000000eaa80000)
  to   space 13312K, 0% used [0x00000000e9000000,0x00000000e9000000,0x00000000e9d00000)
 ParOldGen       total 76800K, used 27704K [0x00000000a0000000, 0x00000000a4b00000, 0x00000000e0000000)
  object space 76800K, 36% used [0x00000000a0000000,0x00000000a1b0e140,0x00000000a4b00000)
 Metaspace       used 56998K, capacity 59060K, committed 59160K, reserved 1099776K
  class space    used 7812K, capacity 8243K, committed 8320K, reserved 1048576K
Event: 17.484 GC heap after
Heap after GC invocations=19 (full 3):
 PSYoungGen      total 161280K, used 0K [0x00000000e0000000, 0x00000000eb500000, 0x0000000100000000)
  eden space 147456K, 0% used [0x00000000e0000000,0x00000000e0000000,0x00000000e9000000)
  from space 13824K, 0% used [0x00000000e9d00000,0x00000000e9d00000,0x00000000eaa80000)
  to   space 13312K, 0% used [0x00000000e9000000,0x00000000e9000000,0x00000000e9d00000)
 ParOldGen       total 109056K, used 32311K [0x00000000a0000000, 0x00000000a6a80000, 0x00000000e0000000)
  object space 109056K, 29% used [0x00000000a0000000,0x00000000a1f8de88,0x00000000a6a80000)
 Metaspace       used 56974K, capacity 58982K, committed 59160K, reserved 1099776K
  class space    used 7805K, capacity 8230K, committed 8320K, reserved 1048576K
}
Event: 20.416 GC heap before
{Heap before GC invocations=20 (full 3):
 PSYoungGen      total 161280K, used 147456K [0x00000000e0000000, 0x00000000eb500000, 0x0000000100000000)
  eden space 147456K, 100% used [0x00000000e0000000,0x00000000e9000000,0x00000000e9000000)
  from space 13824K, 0% used [0x00000000e9d00000,0x00000000e9d00000,0x00000000eaa80000)
  to   space 13312K, 0% used [0x00000000e9000000,0x00000000e9000000,0x00000000e9d00000)
 ParOldGen       total 109056K, used 32311K [0x00000000a0000000, 0x00000000a6a80000, 0x00000000e0000000)
  object space 109056K, 29% used [0x00000000a0000000,0x00000000a1f8de88,0x00000000a6a80000)
 Metaspace       used 62341K, capacity 65316K, committed 65408K, reserved 1105920K
  class space    used 8637K, capacity 9257K, committed 9344K, reserved 1048576K
Event: 20.440 GC heap after
Heap after GC invocations=20 (full 3):
 PSYoungGen      total 160768K, used 11775K [0x00000000e0000000, 0x00000000ec980000, 0x0000000100000000)
  eden space 147456K, 0% used [0x00000000e0000000,0x00000000e0000000,0x00000000e9000000)
  from space 13312K, 88% used [0x00000000e9000000,0x00000000e9b7feb0,0x00000000e9d00000)
  to   space 14336K, 0% used [0x00000000ebb80000,0x00000000ebb80000,0x00000000ec980000)
 ParOldGen       total 109056K, used 32319K [0x00000000a0000000, 0x00000000a6a80000, 0x00000000e0000000)
  object space 109056K, 29% used [0x00000000a0000000,0x00000000a1f8fe88,0x00000000a6a80000)
 Metaspace       used 62341K, capacity 65316K, committed 65408K, reserved 1105920K
  class space    used 8637K, capacity 9257K, committed 9344K, reserved 1048576K
}
Event: 23.012 GC heap before
{Heap before GC invocations=21 (full 3):
 PSYoungGen      total 160768K, used 159231K [0x00000000e0000000, 0x00000000ec980000, 0x0000000100000000)
  eden space 147456K, 100% used [0x00000000e0000000,0x00000000e9000000,0x00000000e9000000)
  from space 13312K, 88% used [0x00000000e9000000,0x00000000e9b7feb0,0x00000000e9d00000)
  to   space 14336K, 0% used [0x00000000ebb80000,0x00000000ebb80000,0x00000000ec980000)
 ParOldGen       total 109056K, used 32319K [0x00000000a0000000, 0x00000000a6a80000, 0x00000000e0000000)
  object space 109056K, 29% used [0x00000000a0000000,0x00000000a1f8fe88,0x00000000a6a80000)
 Metaspace       used 69410K, capacity 72572K, committed 72704K, reserved 1112064K
  class space    used 9543K, capacity 10149K, committed 10240K, reserved 1048576K
Event: 23.043 GC heap after
Heap after GC invocations=21 (full 3):
 PSYoungGen      total 188928K, used 13262K [0x00000000e0000000, 0x00000000ec980000, 0x0000000100000000)
  eden space 174592K, 0% used [0x00000000e0000000,0x00000000e0000000,0x00000000eaa80000)
  from space 14336K, 92% used [0x00000000ebb80000,0x00000000ec873810,0x00000000ec980000)
  to   space 15872K, 0% used [0x00000000eaa80000,0x00000000eaa80000,0x00000000eba00000)
 ParOldGen       total 109056K, used 40737K [0x00000000a0000000, 0x00000000a6a80000, 0x00000000e0000000)
  object space 109056K, 37% used [0x00000000a0000000,0x00000000a27c8428,0x00000000a6a80000)
 Metaspace       used 69410K, capacity 72572K, committed 72704K, reserved 1112064K
  class space    used 9543K, capacity 10149K, committed 10240K, reserved 1048576K
}
Event: 400.306 GC heap before
{Heap before GC invocations=22 (full 3):
 PSYoungGen      total 188928K, used 187854K [0x00000000e0000000, 0x00000000ec980000, 0x0000000100000000)
  eden space 174592K, 100% used [0x00000000e0000000,0x00000000eaa80000,0x00000000eaa80000)
  from space 14336K, 92% used [0x00000000ebb80000,0x00000000ec873810,0x00000000ec980000)
  to   space 15872K, 0% used [0x00000000eaa80000,0x00000000eaa80000,0x00000000eba00000)
 ParOldGen       total 109056K, used 40737K [0x00000000a0000000, 0x00000000a6a80000, 0x00000000e0000000)
  object space 109056K, 37% used [0x00000000a0000000,0x00000000a27c8428,0x00000000a6a80000)
 Metaspace       used 76017K, capacity 79964K, committed 80128K, reserved 1118208K
  class space    used 10168K, capacity 10914K, committed 11008K, reserved 1048576K
Event: 400.348 GC heap after
Heap after GC invocations=22 (full 3):
 PSYoungGen      total 190464K, used 15852K [0x00000000e0000000, 0x00000000eeb00000, 0x0000000100000000)
  eden space 174592K, 0% used [0x00000000e0000000,0x00000000e0000000,0x00000000eaa80000)
  from space 15872K, 99% used [0x00000000eaa80000,0x00000000eb9fb3c0,0x00000000eba00000)
  to   space 19456K, 0% used [0x00000000ed800000,0x00000000ed800000,0x00000000eeb00000)
 ParOldGen       total 109056K, used 44325K [0x00000000a0000000, 0x00000000a6a80000, 0x00000000e0000000)
  object space 109056K, 40% used [0x00000000a0000000,0x00000000a2b49608,0x00000000a6a80000)
 Metaspace       used 76017K, capacity 79964K, committed 80128K, reserved 1118208K
  class space    used 10168K, capacity 10914K, committed 11008K, reserved 1048576K
}
Event: 590.298 GC heap before
{Heap before GC invocations=23 (full 3):
 PSYoungGen      total 190464K, used 190444K [0x00000000e0000000, 0x00000000eeb00000, 0x0000000100000000)
  eden space 174592K, 100% used [0x00000000e0000000,0x00000000eaa80000,0x00000000eaa80000)
  from space 15872K, 99% used [0x00000000eaa80000,0x00000000eb9fb3c0,0x00000000eba00000)
  to   space 19456K, 0% used [0x00000000ed800000,0x00000000ed800000,0x00000000eeb00000)
 ParOldGen       total 109056K, used 44325K [0x00000000a0000000, 0x00000000a6a80000, 0x00000000e0000000)
  object space 109056K, 40% used [0x00000000a0000000,0x00000000a2b49608,0x00000000a6a80000)
 Metaspace       used 79487K, capacity 83776K, committed 83968K, reserved 1122304K
  class space    used 10539K, capacity 11398K, committed 11520K, reserved 1048576K
Event: 590.346 GC heap after
Heap after GC invocations=23 (full 3):
 PSYoungGen      total 215040K, used 15778K [0x00000000e0000000, 0x00000000ee980000, 0x0000000100000000)
  eden space 197120K, 0% used [0x00000000e0000000,0x00000000e0000000,0x00000000ec080000)
  from space 17920K, 88% used [0x00000000ed800000,0x00000000ee768930,0x00000000ee980000)
  to   space 20992K, 0% used [0x00000000ec080000,0x00000000ec080000,0x00000000ed500000)
 ParOldGen       total 109056K, used 57104K [0x00000000a0000000, 0x00000000a6a80000, 0x00000000e0000000)
  object space 109056K, 52% used [0x00000000a0000000,0x00000000a37c4100,0x00000000a6a80000)
 Metaspace       used 79487K, capacity 83776K, committed 83968K, reserved 1122304K
  class space    used 10539K, capacity 11398K, committed 11520K, reserved 1048576K
}

Deoptimization events (10 events):
Event: 590.980 Thread 0x000000001e3b9000 Uncommon trap: reason=bimorphic action=maybe_recompile pc=0x0000000004f94288 method=org.gradle.internal.snapshot.DirectorySnapshot.accept(Lorg/gradle/internal/snapshot/FileSystemSnapshotVisitor;)V @ 52
Event: 590.980 Thread 0x000000001e3b9000 Uncommon trap: reason=bimorphic action=maybe_recompile pc=0x0000000004f941ec method=org.gradle.internal.snapshot.DirectorySnapshot.accept(Lorg/gradle/internal/snapshot/FileSystemSnapshotVisitor;)V @ 52
Event: 590.980 Thread 0x000000001e3b9000 Uncommon trap: reason=bimorphic action=maybe_recompile pc=0x0000000004f941ec method=org.gradle.internal.snapshot.DirectorySnapshot.accept(Lorg/gradle/internal/snapshot/FileSystemSnapshotVisitor;)V @ 52
Event: 591.020 Thread 0x000000001e3b9000 Uncommon trap: reason=array_check action=maybe_recompile pc=0x0000000004f6ee60 method=java.util.TimSort.reverseRange([Ljava/lang/Object;II)V @ 20
Event: 591.020 Thread 0x000000001e3b9000 Uncommon trap: reason=array_check action=maybe_recompile pc=0x0000000004f62ec0 method=java.util.TimSort.binarySort([Ljava/lang/Object;IIILjava/util/Comparator;)V @ 215
Event: 591.148 Thread 0x000000001e3b9000 Uncommon trap: reason=array_check action=maybe_recompile pc=0x0000000004f6ee60 method=java.util.TimSort.reverseRange([Ljava/lang/Object;II)V @ 20
Event: 591.148 Thread 0x000000001e3b9000 Uncommon trap: reason=array_check action=maybe_recompile pc=0x0000000004f62ec0 method=java.util.TimSort.binarySort([Ljava/lang/Object;IIILjava/util/Comparator;)V @ 215
Event: 591.415 Thread 0x000000001e3b9000 Uncommon trap: reason=unstable_if action=reinterpret pc=0x00000000031d37fc method=sun.nio.cs.UTF_8$Decoder.decode([BII[C)I @ 30
Event: 591.415 Thread 0x000000001e3b9000 Uncommon trap: reason=unstable_if action=reinterpret pc=0x0000000003c59a34 method=java.lang.StringCoding.safeTrim([CILjava/nio/charset/Charset;Z)[C @ 3
Event: 591.468 Thread 0x000000001e3b9000 Uncommon trap: reason=unstable_if action=reinterpret pc=0x0000000003583b60 method=java.lang.StringCoding.safeTrim([CILjava/nio/charset/Charset;Z)[C @ 3

Classes redefined (0 events):
No events

Internal exceptions (10 events):
Event: 589.662 Thread 0x000000001e3b8000 Exception <a 'sun/nio/fs/WindowsException'> (0x00000000e8ea7710) thrown at [D:\src\AOSP-openjdk-cygwin\jdk8u\hotspot\src\share\vm\prims\jni.cpp, line 710]
Event: 589.662 Thread 0x000000001e3b8000 Exception <a 'sun/nio/fs/WindowsException'> (0x00000000e8ea7fd8) thrown at [D:\src\AOSP-openjdk-cygwin\jdk8u\hotspot\src\share\vm\prims\jni.cpp, line 710]
Event: 589.663 Thread 0x000000001e3b8000 Exception <a 'sun/nio/fs/WindowsException'> (0x00000000e8ea98c0) thrown at [D:\src\AOSP-openjdk-cygwin\jdk8u\hotspot\src\share\vm\prims\jni.cpp, line 710]
Event: 589.663 Thread 0x000000001e3b8000 Exception <a 'sun/nio/fs/WindowsException'> (0x00000000e8eaa168) thrown at [D:\src\AOSP-openjdk-cygwin\jdk8u\hotspot\src\share\vm\prims\jni.cpp, line 710]
Event: 589.664 Thread 0x000000001e3b8000 Exception <a 'sun/nio/fs/WindowsException'> (0x00000000e8eaba40) thrown at [D:\src\AOSP-openjdk-cygwin\jdk8u\hotspot\src\share\vm\prims\jni.cpp, line 710]
Event: 589.679 Thread 0x000000001e3b8000 Exception <a 'sun/nio/fs/WindowsException'> (0x00000000e8ece488) thrown at [D:\src\AOSP-openjdk-cygwin\jdk8u\hotspot\src\share\vm\prims\jni.cpp, line 710]
Event: 589.681 Thread 0x000000001e3b8000 Exception <a 'sun/nio/fs/WindowsException'> (0x00000000e8ed04f0) thrown at [D:\src\AOSP-openjdk-cygwin\jdk8u\hotspot\src\share\vm\prims\jni.cpp, line 710]
Event: 589.691 Thread 0x000000001e3b8000 Exception <a 'sun/nio/fs/WindowsException'> (0x00000000e8ef06d8) thrown at [D:\src\AOSP-openjdk-cygwin\jdk8u\hotspot\src\share\vm\prims\jni.cpp, line 710]
Event: 589.692 Thread 0x000000001e3b8000 Exception <a 'sun/nio/fs/WindowsException'> (0x00000000e8ef2740) thrown at [D:\src\AOSP-openjdk-cygwin\jdk8u\hotspot\src\share\vm\prims\jni.cpp, line 710]
Event: 590.265 Thread 0x000000001e3c2000 Exception <a 'sun/nio/fs/WindowsException'> (0x00000000ea4e2588) thrown at [D:\src\AOSP-openjdk-cygwin\jdk8u\hotspot\src\share\vm\prims\jni.cpp, line 710]

Events (10 events):
Event: 591.324 loading class com/google/common/collect/LinkedListMultimap$ValueForKeyIterator done
Event: 591.415 Thread 0x000000001e3b9000 Uncommon trap: trap_request=0xffffff65 fr.pc=0x00000000031d37fc
Event: 591.415 Thread 0x000000001e3b9000 DEOPT PACKING pc=0x00000000031d37fc sp=0x0000000025cdb780
Event: 591.415 Thread 0x000000001e3b9000 DEOPT UNPACKING pc=0x0000000002fb557b sp=0x0000000025cdb6d8 mode 2
Event: 591.415 Thread 0x000000001e3b9000 Uncommon trap: trap_request=0xffffff65 fr.pc=0x0000000003c59a34
Event: 591.415 Thread 0x000000001e3b9000 DEOPT PACKING pc=0x0000000003c59a34 sp=0x0000000025cdb7d0
Event: 591.415 Thread 0x000000001e3b9000 DEOPT UNPACKING pc=0x0000000002fb557b sp=0x0000000025cdb5f0 mode 2
Event: 591.468 Thread 0x000000001e3b9000 Uncommon trap: trap_request=0xffffff65 fr.pc=0x0000000003583b60
Event: 591.468 Thread 0x000000001e3b9000 DEOPT PACKING pc=0x0000000003583b60 sp=0x0000000025cdb720
Event: 591.468 Thread 0x000000001e3b9000 DEOPT UNPACKING pc=0x0000000002fb557b sp=0x0000000025cdb5d8 mode 2


Dynamic libraries:
0x00007ff755390000 - 0x00007ff7553c1000 	D:\Android Studio\jre\bin\java.exe
0x00007ff822760000 - 0x00007ff822950000 	C:\Windows\SYSTEM32\ntdll.dll
0x00007ff821570000 - 0x00007ff821622000 	C:\Windows\System32\KERNEL32.DLL
0x00007ff81f990000 - 0x00007ff81fc33000 	C:\Windows\System32\KERNELBASE.dll
0x00007ff822050000 - 0x00007ff8220f3000 	C:\Windows\System32\ADVAPI32.dll
0x00007ff8224d0000 - 0x00007ff82256e000 	C:\Windows\System32\msvcrt.dll
0x00007ff820a40000 - 0x00007ff820ad7000 	C:\Windows\System32\sechost.dll
0x00007ff821f30000 - 0x00007ff822050000 	C:\Windows\System32\RPCRT4.dll
0x00007ff820e20000 - 0x00007ff820fb4000 	C:\Windows\System32\USER32.dll
0x00007ff81fdc0000 - 0x00007ff81fde1000 	C:\Windows\System32\win32u.dll
0x00007ff820fc0000 - 0x00007ff820fe6000 	C:\Windows\System32\GDI32.dll
0x00007ff81fe50000 - 0x00007ff81ffe4000 	C:\Windows\System32\gdi32full.dll
0x00007ff81fff0000 - 0x00007ff82008e000 	C:\Windows\System32\msvcp_win.dll
0x00007ff81f6f0000 - 0x00007ff81f7ea000 	C:\Windows\System32\ucrtbase.dll
0x00007ff815290000 - 0x00007ff815515000 	C:\Windows\WinSxS\amd64_microsoft.windows.common-controls_6595b64144ccf1df_6.0.18362.778_none_e6c6b761130d4fb8\COMCTL32.dll
0x00007ff820ae0000 - 0x00007ff820e16000 	C:\Windows\System32\combase.dll
0x00007ff81f810000 - 0x00007ff81f890000 	C:\Windows\System32\bcryptPrimitives.dll
0x00007ff8223d0000 - 0x00007ff8223fe000 	C:\Windows\System32\IMM32.DLL
0x0000000069e20000 - 0x0000000069ef2000 	D:\Android Studio\jre\jre\bin\msvcr100.dll
0x0000000069f00000 - 0x000000006a746000 	D:\Android Studio\jre\jre\bin\server\jvm.dll
0x00007ff821e40000 - 0x00007ff821e48000 	C:\Windows\System32\PSAPI.DLL
0x00007ff81d110000 - 0x00007ff81d134000 	C:\Windows\SYSTEM32\WINMM.dll
0x00007ff815a80000 - 0x00007ff815a8a000 	C:\Windows\SYSTEM32\VERSION.dll
0x00007ff81afd0000 - 0x00007ff81afd9000 	C:\Windows\SYSTEM32\WSOCK32.dll
0x00007ff81cf00000 - 0x00007ff81cf2d000 	C:\Windows\SYSTEM32\WINMMBASE.dll
0x00007ff8216b0000 - 0x00007ff82171f000 	C:\Windows\System32\WS2_32.dll
0x00007ff81f940000 - 0x00007ff81f98a000 	C:\Windows\System32\cfgmgr32.dll
0x00007ff81bee0000 - 0x00007ff81beef000 	D:\Android Studio\jre\jre\bin\verify.dll
0x00007ff819be0000 - 0x00007ff819c09000 	D:\Android Studio\jre\jre\bin\java.dll
0x00007ff819980000 - 0x00007ff819996000 	D:\Android Studio\jre\jre\bin\zip.dll
0x00007ff821750000 - 0x00007ff821e35000 	C:\Windows\System32\SHELL32.dll
0x00007ff822160000 - 0x00007ff822209000 	C:\Windows\System32\shcore.dll
0x00007ff820090000 - 0x00007ff820810000 	C:\Windows\System32\windows.storage.dll
0x00007ff81f650000 - 0x00007ff81f673000 	C:\Windows\System32\profapi.dll
0x00007ff81f6a0000 - 0x00007ff81f6ea000 	C:\Windows\System32\powrprof.dll
0x00007ff81f620000 - 0x00007ff81f630000 	C:\Windows\System32\UMPDC.dll
0x00007ff822100000 - 0x00007ff822152000 	C:\Windows\System32\shlwapi.dll
0x00007ff81f630000 - 0x00007ff81f641000 	C:\Windows\System32\kernel.appcore.dll
0x00007ff81f7f0000 - 0x00007ff81f807000 	C:\Windows\System32\cryptsp.dll
0x00007ff819670000 - 0x00007ff81968a000 	D:\Android Studio\jre\jre\bin\net.dll
0x00007ff817f80000 - 0x00007ff818155000 	C:\Windows\SYSTEM32\urlmon.dll
0x00007ff817ab0000 - 0x00007ff817d56000 	C:\Windows\SYSTEM32\iertutil.dll
0x00007ff81ef60000 - 0x00007ff81ef6c000 	C:\Windows\SYSTEM32\CRYPTBASE.DLL
0x00007ff81ede0000 - 0x00007ff81ee47000 	C:\Windows\system32\mswsock.dll
0x00007ff819650000 - 0x00007ff819663000 	D:\Android Studio\jre\jre\bin\nio.dll
0x00007ff8195a0000 - 0x00007ff8195c6000 	C:\Users\sakur\.gradle\native\30\windows-amd64\native-platform.dll
0x00007ff81a480000 - 0x00007ff81a48d000 	D:\Android Studio\jre\jre\bin\management.dll
0x00007ff81e960000 - 0x00007ff81e993000 	C:\Windows\system32\rsaenh.dll
0x00007ff81fd90000 - 0x00007ff81fdb6000 	C:\Windows\System32\bcrypt.dll
0x00007ff81f540000 - 0x00007ff81f565000 	C:\Windows\SYSTEM32\USERENV.dll
0x00007ff81eb00000 - 0x00007ff81eb3a000 	C:\Windows\SYSTEM32\IPHLPAPI.DLL
0x00007ff821740000 - 0x00007ff821748000 	C:\Windows\System32\NSI.dll
0x00007ff818490000 - 0x00007ff8184a6000 	C:\Windows\SYSTEM32\dhcpcsvc6.DLL
0x00007ff8184b0000 - 0x00007ff8184cc000 	C:\Windows\SYSTEM32\dhcpcsvc.DLL
0x00007ff81eb40000 - 0x00007ff81ec0a000 	C:\Windows\SYSTEM32\DNSAPI.dll

VM Arguments:
jvm_args: -Xmx1536m -Dfile.encoding=windows-1251 -Duser.country=RU -Duser.language=ru -Duser.variant 
java_command: org.gradle.launcher.daemon.bootstrap.GradleDaemon 5.6.4
java_class_path (initial): C:\Users\sakur\.gradle\wrapper\dists\gradle-5.6.4-all\ankdp27end7byghfw1q2sw75f\gradle-5.6.4\lib\gradle-launcher-5.6.4.jar
Launcher Type: SUN_STANDARD

Environment Variables:
JAVA_HOME=C:\Program Files\Java\jdk1.8.0_231
PATH=C:\Program Files (x86)\Common Files\Oracle\Java\javapath;C:\Windows\system32;C:\Windows;C:\Windows\System32\Wbem;C:\Windows\System32\WindowsPowerShell\v1.0\;C:\Windows\System32\OpenSSH\;C:\Program Files\Git\cmd;C:\Program Files\Git\mingw64\bin;C:\Program Files\Git\usr\bin;C:\Users\sakur\AppData\Local\Microsoft\WindowsApps;
USERNAME=sakur
OS=Windows_NT
PROCESSOR_IDENTIFIER=AMD64 Family 23 Model 17 Stepping 0, AuthenticAMD



---------------  S Y S T E M  ---------------

OS: Windows 10.0 , 64 bit Build 18362 (10.0.18362.778)

CPU:total 8 (initial active 8) (8 cores per cpu, 1 threads per core) family 23 model 17 stepping 0, cmov, cx8, fxsr, mmx, sse, sse2, sse3, ssse3, sse4.1, sse4.2, popcnt, avx, avx2, aes, clmul, mmxext, 3dnowpref, lzcnt, sse4a, tsc, tscinvbit, tscinv, bmi1

Memory: 4k page, physical 7234836k(1018120k free), swap 9299220k(3148k free)

vm_info: OpenJDK 64-Bit Server VM (25.212-b04) for windows-amd64 JRE (1.8.0_212-release-1586-b04), built by "builder" with MS VC++ 10.0 (VS2010)

time: Fri May 08 11:50:59 2020
timezone: RTZ 2 (зима)
elapsed time: 592 seconds (0d 0h 9m 52s)

